This is pdfTeX, Version 3.1415926-2.5-1.40.14 (TeX Live 2013/Debian) (format=pdflatex 2015.1.8)  14 JUN 2016 15:02
entering extended mode
 restricted \write18 enabled.
 %&-line parsing enabled.
**thesisoutline_levine.tex
(./thesisoutline_levine.tex
LaTeX2e <2011/06/27>
Babel <3.9h> and hyphenation patterns for 4 languages loaded.
(/usr/share/texlive/texmf-dist/tex/latex/lineno/lineno.sty
Package: lineno 2005/11/02 line numbers on paragraphs v4.41
\linenopenalty=\count79
\output=\toks14
\linenoprevgraf=\count80
\linenumbersep=\dimen102
\linenumberwidth=\dimen103
\c@linenumber=\count81
\c@pagewiselinenumber=\count82
\c@LN@truepage=\count83
\c@internallinenumber=\count84
\c@internallinenumbers=\count85
\quotelinenumbersep=\dimen104
\bframerule=\dimen105
\bframesep=\dimen106
\bframebox=\box26
LaTeX Info: Redefining \\ on input line 3056.
)
(/usr/share/texlive/texmf-dist/tex/latex/memoir/memoir.cls
Document Class: memoir 2013/05/30 v3.7b configurable book, report, article docu
ment class
\onelineskip=\skip41
\lxvchars=\skip42
\xlvchars=\skip43
\@memcnta=\count86
\c@@memmarkcntra=\count87
(/usr/share/texlive/texmf-dist/tex/generic/oberdiek/ifpdf.sty
Package: ifpdf 2011/01/30 v2.3 Provides the ifpdf switch (HO)
Package ifpdf Info: pdfTeX in PDF mode is detected.
)
Class memoir Info: An `ifetex' package is being emulated on input line 265.

(/usr/share/texlive/texmf-dist/tex/generic/ifxetex/ifxetex.sty
Package: ifxetex 2010/09/12 v0.6 Provides ifxetex conditional
)
(/usr/share/texlive/texmf-dist/tex/generic/oberdiek/ifluatex.sty
Package: ifluatex 2010/03/01 v1.3 Provides the ifluatex switch (HO)
Package ifluatex Info: LuaTeX not detected.
)
\stockheight=\skip44
\stockwidth=\skip45
\trimtop=\skip46
\trimedge=\skip47

(/usr/share/texlive/texmf-dist/tex/latex/etex-pkg/etex.sty
Package: etex 1998/03/26 v2.0 eTeX basic definition package (PEB)
\et@xins=\count88
)
(/usr/share/texlive/texmf-dist/tex/latex/memoir/mem10.clo
File: mem10.clo 2008/01/30 v0.3 memoir class 10pt size option
)
\binding=\skip48
\spinemargin=\skip49
\foremargin=\skip50
\uppermargin=\skip51
\lowermargin=\skip52
\headdrop=\skip53
\normalrulethickness=\skip54
\mem@maxheadheight=\skip55
\mem@maxfootheight=\skip56
\headwidth=\skip57
\c@storedpagenumber=\count89
\memPD=\dimen107
\m@mabparskip=\skip58
\thanksmarkwidth=\skip59
\thanksmarksep=\skip60
\droptitle=\skip61
\c@book=\count90
\c@part=\count91
\c@chapter=\count92
\c@section=\count93
\c@subsection=\count94
\c@subsubsection=\count95
\c@paragraph=\count96
\c@subparagraph=\count97
\beforechapskip=\skip62
\midchapskip=\skip63
\afterchapskip=\skip64
\chapindent=\skip65
\bottomsectionskip=\skip66
\secindent=\skip67
\beforesecskip=\skip68
\aftersecskip=\skip69
\subsecindent=\skip70
\beforesubsecskip=\skip71
\aftersubsecskip=\skip72
\subsubsecindent=\skip73
\beforesubsubsecskip=\skip74
\aftersubsubsecskip=\skip75
\paraindent=\skip76
\beforeparaskip=\skip77
\afterparaskip=\skip78
\subparaindent=\skip79
\beforesubparaskip=\skip80
\aftersubparaskip=\skip81
\pfbreakskip=\skip82
\c@@ppsavesec=\count98
\c@@ppsaveapp=\count99
\ragrparindent=\dimen108
\everylistparindent=\dimen109
\parsepi=\skip83
\topsepi=\skip84
\itemsepi=\skip85
\parsepii=\skip86
\topsepii=\skip87
\topsepiii=\skip88
\itemsepii=\skip89
\itemsepiii=\skip90
\partopsepii=\skip91
\partopsepiii=\skip92
\m@msavetopsep=\skip93
\m@msavepartopsep=\skip94
\@enLab=\toks15
\abstitleskip=\skip95
\absleftindent=\skip96
\abs@leftindent=\dimen110
\absrightindent=\skip97
\absparindent=\skip98
\absparsep=\skip99
\c@vslineno=\count100
\c@poemline=\count101
\c@modulo@vs=\count102
\c@memfvsline=\count103
\vleftskip=\skip100
\vrightskip=\skip101
\stanzaskip=\skip102
\versewidth=\skip103
\vgap=\skip104
\vindent=\skip105
\vleftmargin=\dimen111
\c@verse=\count104
\c@chrsinstr=\count105
\beforepoemtitleskip=\skip106
\afterpoemtitleskip=\skip107
\c@poem=\count106
\beforePoemTitleskip=\skip108
\midPoemTitleskip=\skip109
\afterPoemTitleskip=\skip110
\col@sep=\dimen112
\extrarowheight=\dimen113
\NC@list=\toks16
\extratabsurround=\skip111
\backup@length=\skip112
\TX@col@width=\dimen114
\TX@old@table=\dimen115
\TX@old@col=\dimen116
\TX@target=\dimen117
\TX@delta=\dimen118
\TX@cols=\count107
\TX@ftn=\toks17
\heavyrulewidth=\dimen119
\lightrulewidth=\dimen120
\cmidrulewidth=\dimen121
\belowrulesep=\dimen122
\belowbottomsep=\dimen123
\aboverulesep=\dimen124
\abovetopsep=\dimen125
\cmidrulesep=\dimen126
\cmidrulekern=\dimen127
\defaultaddspace=\dimen128
\@cmidla=\count108
\@cmidlb=\count109
\@aboverulesep=\dimen129
\@belowrulesep=\dimen130
\@thisruleclass=\count110
\@lastruleclass=\count111
\@thisrulewidth=\dimen131
\ctableftskip=\skip113
\ctabrightskip=\skip114
\abovecolumnspenalty=\count112
\@linestogo=\count113
\@cellstogo=\count114
\@cellsincolumn=\count115
\crtok=\toks18
\@mincolumnwidth=\dimen132
\c@newflo@tctr=\count116
\mem@margin@floatbox=\box27
\@contcwidth=\skip115
\@contindw=\skip116
\abovecaptionskip=\skip117
\belowcaptionskip=\skip118
\subfloattopskip=\skip119
\subfloatcapskip=\skip120
\subfloatcaptopadj=\skip121
\subfloatbottomskip=\skip122
\subfloatlabelskip=\skip123
\subfloatcapmargin=\dimen133
\c@@contsubnum=\count117
\m@mscap@capbox=\box28
\m@mscap@fbox=\box29
\sidecapsep=\dimen134
\sidecapwidth=\dimen135
\m@m@tempdima=\dimen136
\m@mscapraise=\dimen137
\sidecapraise=\dimen138
\m@mscapmainwidth=\dimen139
\m@mscaplkern=\dimen140
\beforeepigraphskip=\skip124
\afterepigraphskip=\skip125
\epigraphwidth=\skip126
\epigraphrule=\skip127
LaTeX Info: Redefining \em on input line 7492.
LaTeX Info: Redefining \emph on input line 7500.
\tocentryskip=\skip128
\tocbaseline=\skip129
\cftparskip=\skip130
\cftbeforebookskip=\skip131
\cftbookindent=\dimen141
\cftbooknumwidth=\dimen142
\cftbeforepartskip=\skip132
\cftpartindent=\skip133
\cftpartnumwidth=\skip134
\cftbeforechapterskip=\skip135
\cftchapterindent=\skip136
\cftchapternumwidth=\skip137
\cftbeforesectionskip=\skip138
\cftsectionindent=\skip139
\cftsectionnumwidth=\skip140
\cftbeforesubsectionskip=\skip141
\cftsubsectionindent=\skip142
\cftsubsectionnumwidth=\skip143
\cftbeforesubsubsectionskip=\skip144
\cftsubsubsectionindent=\skip145
\cftsubsubsectionnumwidth=\skip146
\cftbeforeparagraphskip=\skip147
\cftparagraphindent=\skip148
\cftparagraphnumwidth=\skip149
\cftbeforesubparagraphskip=\skip150
\cftsubparagraphindent=\skip151
\cftsubparagraphnumwidth=\skip152
\prechapterprecisshift=\dimen143
\c@maxsecnumdepth=\count118
\bibindent=\dimen144
\bibitemsep=\skip153
\indexcolsep=\skip154
\indexrule=\skip155
\indexmarkstyle=\toks19
\@indexbox=\insert233
\glossarycolsep=\dimen145
\glossaryrule=\dimen146
\sideparvshift=\skip156
\sideins=\insert232
\sidebartopsep=\skip157
\sidebarhsep=\skip158
\sidebarvsep=\skip159
\sidebarwidth=\skip160
\footmarkwidth=\skip161
\footmarksep=\skip162
\footparindent=\skip163
\footinsdim=\skip164
\footinsv@r=\insert231
\@mpfootinsv@r=\insert230
\m@m@k=\count119
\m@m@h=\dimen147
\m@mipn@skip=\skip165
\sidefootins=\insert229
\sidefootadjust=\skip166
\sidefootheight=\skip167
\sidefoothsep=\skip168
\sidefootvsep=\skip169
\sidefootwidth=\skip170
\m@mdownsf=\skip171
\c@sidefootnote=\count120
\sidefootmarkwidth=\skip172
\sidefootmarksep=\skip173
\sidefootparindent=\skip174
\c@pagenote=\count121
\c@pagenoteshadow=\count122
\mem@pn@lastkern=\skip175
\every@verbatim=\toks20
\afterevery@verbatim=\toks21
\verbatim@line=\toks22
\tab@position=\count123
\verbatim@in@stream=\read1
\verbatimindent=\skip176
\verbatim@out=\write3
\bvboxsep=\skip177
\c@memfbvline=\count124
\c@bvlinectr=\count125
\bvnumlength=\skip178
\fb@frw=\dimen148
\fb@frh=\dimen149
\FrameRule=\dimen150
\FrameSep=\dimen151
\c@cp@cntr=\count126
LaTeX Info: Redefining \: on input line 11958.
LaTeX Info: Redefining \! on input line 11960.
\c@ism@mctr=\count127
\c@xsm@mctr=\count128
\c@csm@mctr=\count129
\c@ksm@mctr=\count130
\c@xksm@mctr=\count131
\c@cksm@mctr=\count132
\c@msm@mctr=\count133
\c@xmsm@mctr=\count134
\c@cmsm@mctr=\count135
\c@bsm@mctr=\count136
\c@workm@mctr=\count137
\c@sheetsequence=\count138
\c@lastsheet=\count139
\c@lastpage=\count140
\c@figure=\count141
\c@lofdepth=\count142
\cftbeforefigureskip=\skip179
\cftfigureindent=\skip180
\cftfigurenumwidth=\skip181
\c@table=\count143
\c@lotdepth=\count144
\cftbeforetableskip=\skip182
\cfttableindent=\skip183
\cfttablenumwidth=\skip184
Package abstract [2008/07/23] emulated by memoir.
Package appendix [2008/07/23] emulated by memoir.
Package array [2008/09/09] emulated by memoir.
Package booktabs [2008/07/23] emulated by memoir.
Package ccaption [2008/07/23] emulated by memoir.
Package changepage [2008/07/23] emulated by memoir.
Package chngcntr [2008/07/23] emulated by memoir.
Package chngpage [2008/07/23] emulated by memoir.
Package crop emulated by memoir.
Package dcolumn [2008/07/23] emulated by memoir.
Package delarray [2008/07/23] emulated by memoir.
Package enumerate [2008/07/23] emulated by memoir.
Package epigraph [2008/07/23] emulated by memoir.
Package ifmtarg [2008/07/23] emulated by memoir.
Package ifetex [2008/07/23] emulated by memoir.
Package index [2008/07/23] emulated by memoir.
Package makeidx [2008/07/23] emulated by memoir.
Package moreverb [2008/07/23] emulated by memoir.
Package mparhack [2008/07/23] emulated by memoir.
Package needspace [2008/07/23] emulated by memoir.
Package newfile [2008/07/23] emulated by memoir.
Package nextpage [2008/07/23] emulated by memoir.
Package pagenote [2008/07/23] emulated by memoir.
Package parskip [2008/07/23] emulated by memoir.
Package patchcmd [2008/07/23] emulated by memoir.
Package setspace [2008/07/23] emulated by memoir.
Package shortvrb [2008/07/23] emulated by memoir.
Package showidx [2008/07/23] emulated by memoir.
Package tabularx [2008/07/23] emulated by memoir.
Package titleref [2008/07/23] emulated by memoir.
Package titling [2008/07/23] emulated by memoir.
Package tocbibind [2008/07/23] emulated by memoir.
Package tocloft [2008/07/23] emulated by memoir.
Package tocvsec2 [2008/07/23] emulated by memoir.
Package verbatim [2008/07/23] emulated by memoir.
Package verse [2008/07/23] emulated by memoir.

(/usr/share/texlive/texmf-dist/tex/latex/memoir/mempatch.sty
Package: mempatch 2009/07/24 v6.0f Patches for memoir class v1.6180339
))

******************************************************
Stock height and width: 794.96999pt by 614.295pt
Top and edge trims: 0pt and 0pt
Page height and width: 794.96999pt by 614.295pt
Text height and width: 619pt by 433pt
Spine and edge margins: 108.405pt and 72.26999pt
Upper and lower margins: 108.405pt and 67.56499pt
Headheight and headsep: 12pt and 24.13501pt
Footskip: 25.29494pt
Columnsep and columnseprule: 10pt and 0pt
Marginparsep and marginparwidth: 7pt and 58.26999pt
Sidecapsep and sidecapwidth: 7pt and 71pt
Sidebarhsep and sidebarwidth: 7pt and 71pt
Sidebarvsep and sidebartopsep: 12pt and 0pt
Sidebarheight: 548.39996pt
Sidefoothsep and sidefootwidth: 7pt and 71pt
Sidefootvsep and sidefootheight: 12pt and 548.39996pt
******************************************************

(/usr/share/texlive/texmf-dist/tex/latex/graphics/graphicx.sty
Package: graphicx 1999/02/16 v1.0f Enhanced LaTeX Graphics (DPC,SPQR)

(/usr/share/texlive/texmf-dist/tex/latex/graphics/keyval.sty
Package: keyval 1999/03/16 v1.13 key=value parser (DPC)
\KV@toks@=\toks23
)
(/usr/share/texlive/texmf-dist/tex/latex/graphics/graphics.sty
Package: graphics 2009/02/05 v1.0o Standard LaTeX Graphics (DPC,SPQR)

(/usr/share/texlive/texmf-dist/tex/latex/graphics/trig.sty
Package: trig 1999/03/16 v1.09 sin cos tan (DPC)
)
(/usr/share/texlive/texmf-dist/tex/latex/latexconfig/graphics.cfg
File: graphics.cfg 2010/04/23 v1.9 graphics configuration of TeX Live
)
Package graphics Info: Driver file: pdftex.def on input line 91.

(/usr/share/texlive/texmf-dist/tex/latex/pdftex-def/pdftex.def
File: pdftex.def 2011/05/27 v0.06d Graphics/color for pdfTeX

(/usr/share/texlive/texmf-dist/tex/generic/oberdiek/infwarerr.sty
Package: infwarerr 2010/04/08 v1.3 Providing info/warning/error messages (HO)
)
(/usr/share/texlive/texmf-dist/tex/generic/oberdiek/ltxcmds.sty
Package: ltxcmds 2011/11/09 v1.22 LaTeX kernel commands for general use (HO)
)
\Gread@gobject=\count145
))
\Gin@req@height=\dimen152
\Gin@req@width=\dimen153
)
(/usr/share/texlive/texmf-dist/tex/latex/mh/mathtools.sty
Package: mathtools 2013/02/12 v1.13 mathematical typesetting tools

(/usr/share/texlive/texmf-dist/tex/latex/tools/calc.sty
Package: calc 2007/08/22 v4.3 Infix arithmetic (KKT,FJ)
\calc@Acount=\count146
\calc@Bcount=\count147
\calc@Adimen=\dimen154
\calc@Bdimen=\dimen155
\calc@Askip=\skip185
\calc@Bskip=\skip186
LaTeX Info: Redefining \setlength on input line 76.
LaTeX Info: Redefining \addtolength on input line 77.
\calc@Ccount=\count148
\calc@Cskip=\skip187
)
(/usr/share/texlive/texmf-dist/tex/latex/mh/mhsetup.sty
Package: mhsetup 2010/01/21 v1.2a programming setup (MH)
)
(/usr/share/texlive/texmf-dist/tex/latex/amsmath/amsmath.sty
Package: amsmath 2013/01/14 v2.14 AMS math features
\@mathmargin=\skip188

For additional information on amsmath, use the `?' option.
(/usr/share/texlive/texmf-dist/tex/latex/amsmath/amstext.sty
Package: amstext 2000/06/29 v2.01

(/usr/share/texlive/texmf-dist/tex/latex/amsmath/amsgen.sty
File: amsgen.sty 1999/11/30 v2.0
\@emptytoks=\toks24
\ex@=\dimen156
))
(/usr/share/texlive/texmf-dist/tex/latex/amsmath/amsbsy.sty
Package: amsbsy 1999/11/29 v1.2d
\pmbraise@=\dimen157
)
(/usr/share/texlive/texmf-dist/tex/latex/amsmath/amsopn.sty
Package: amsopn 1999/12/14 v2.01 operator names
)
\inf@bad=\count149
LaTeX Info: Redefining \frac on input line 210.
\uproot@=\count150
\leftroot@=\count151
LaTeX Info: Redefining \overline on input line 306.
\classnum@=\count152
\DOTSCASE@=\count153
LaTeX Info: Redefining \ldots on input line 378.
LaTeX Info: Redefining \dots on input line 381.
LaTeX Info: Redefining \cdots on input line 466.
\Mathstrutbox@=\box30
\strutbox@=\box31
\big@size=\dimen158
LaTeX Font Info:    Redeclaring font encoding OML on input line 566.
LaTeX Font Info:    Redeclaring font encoding OMS on input line 567.
\macc@depth=\count154
\c@MaxMatrixCols=\count155
\dotsspace@=\muskip10
\c@parentequation=\count156
\dspbrk@lvl=\count157
\tag@help=\toks25
\row@=\count158
\column@=\count159
\maxfields@=\count160
\andhelp@=\toks26
\eqnshift@=\dimen159
\alignsep@=\dimen160
\tagshift@=\dimen161
\tagwidth@=\dimen162
\totwidth@=\dimen163
\lineht@=\dimen164
\@envbody=\toks27
\multlinegap=\skip189
\multlinetaggap=\skip190
\mathdisplay@stack=\toks28
LaTeX Info: Redefining \[ on input line 2665.
LaTeX Info: Redefining \] on input line 2666.
)
LaTeX Info: Thecontrolsequence`\['isalreadyrobust on input line 129.
LaTeX Info: Thecontrolsequence`\]'isalreadyrobust on input line 129.
\g_MT_multlinerow_int=\count161
\l_MT_multwidth_dim=\dimen165
\origjot=\skip191
\l_MT_shortvdotswithinadjustabove_dim=\dimen166
\l_MT_shortvdotswithinadjustbelow_dim=\dimen167
\l_MT_above_intertext_sep=\dimen168
\l_MT_below_intertext_sep=\dimen169
\l_MT_above_shortintertext_sep=\dimen170
\l_MT_below_shortintertext_sep=\dimen171
)
(/usr/share/texlive/texmf-dist/tex/latex/caption/subcaption.sty
Package: subcaption 2013/02/03 v1.1-62 Sub-captions (AR)


Class memoir Warning: You are using the caption package with the memoir class. 
To prepare we will now reset all captioning macros and configurations to kernel
 defaults, and then let the caption package take over. Please remember to use t
he caption package interfaces in order to configure your captions. .

(/usr/share/texlive/texmf-dist/tex/latex/caption/caption.sty
Package: caption 2013/05/02 v3.3-89 Customizing captions (AR)

(/usr/share/texlive/texmf-dist/tex/latex/caption/caption3.sty
Package: caption3 2013/05/02 v1.6-88 caption3 kernel (AR)
Package caption3 Info: TeX engine: e-TeX on input line 57.
\captionmargin=\dimen172
\captionmargin@=\dimen173
\captionwidth=\dimen174
\caption@tempdima=\dimen175
\caption@indent=\dimen176
\caption@parindent=\dimen177
\caption@hangindent=\dimen178
)
\c@ContinuedFloat=\count162
)
\c@subfigure=\count163
\c@subtable=\count164
)
(/usr/share/texlive/texmf-dist/tex/latex/amsfonts/amsfonts.sty
Package: amsfonts 2013/01/14 v3.01 Basic AMSFonts support
\symAMSa=\mathgroup4
\symAMSb=\mathgroup5
LaTeX Font Info:    Overwriting math alphabet `\mathfrak' in version `bold'
(Font)                  U/euf/m/n --> U/euf/b/n on input line 106.
)
(/usr/share/texlive/texmf-dist/tex/latex/jknapltx/mathrsfs.sty
Package: mathrsfs 1996/01/01 Math RSFS package v1.0 (jk)
\symrsfs=\mathgroup6
)
(/usr/share/texlive/texmf-dist/tex/latex/adjustbox/adjustbox.sty
Package: adjustbox 2012/05/21 v1.0 Adjusting TeX boxes (trim, clip, ...)

(/usr/share/texlive/texmf-dist/tex/latex/xkeyval/xkeyval.sty
Package: xkeyval 2012/10/14 v2.6b package option processing (HA)

(/usr/share/texlive/texmf-dist/tex/generic/xkeyval/xkeyval.tex
\XKV@toks=\toks29
\XKV@tempa@toks=\toks30
\XKV@depth=\count165
File: xkeyval.tex 2012/10/14 v2.6b key=value parser (HA)
))
(/usr/share/texlive/texmf-dist/tex/latex/adjustbox/adjcalc.sty
Package: adjcalc 2012/05/16 v1.1 Provides advanced setlength with multiple back
-ends (calc, etex, pgfmath)
)
(/usr/share/texlive/texmf-dist/tex/latex/adjustbox/trimclip.sty
Package: trimclip 2012/05/16 v1.0 Trim and clip general TeX material

(/usr/share/texlive/texmf-dist/tex/latex/collectbox/collectbox.sty
Package: collectbox 2012/05/17 v0.4b Collect macro arguments as boxes
\collectedbox=\box32
)
\tc@llx=\dimen179
\tc@lly=\dimen180
\tc@urx=\dimen181
\tc@ury=\dimen182
Package trimclip Info: Using driver 'tc-pdftex.def'.

(/usr/share/texlive/texmf-dist/tex/latex/adjustbox/tc-pdftex.def
File: tc-pdftex.def 2012/05/13 v1.0 Clipping driver for pdftex
))
\adjbox@Width=\dimen183
\adjbox@Height=\dimen184
\adjbox@Depth=\dimen185
\adjbox@Totalheight=\dimen186

(/usr/share/texlive/texmf-dist/tex/latex/ifoddpage/ifoddpage.sty
Package: ifoddpage 2011/09/13 v1.0 Conditionals for odd/even page detection
\c@checkoddpage=\count166
LaTeX Info: Redefining \checkoddpage on input line 25.
)
(/usr/share/texlive/texmf-dist/tex/latex/varwidth/varwidth.sty
Package: varwidth 2009/03/30 ver 0.92;  Variable-width minipages
\@vwid@box=\box33
\sift@deathcycles=\count167
\@vwid@loff=\dimen187
\@vwid@roff=\dimen188
))
(/usr/share/texlive/texmf-dist/tex/latex/tools/xr.sty
Package: xr 1994/05/28 v5.02 eXternal References (DPC)
)
(/usr/share/texlive/texmf-dist/tex/latex/multirow/multirow.sty
\bigstrutjot=\dimen189
)
(./thesisoutline_levine.aux

LaTeX Warning: Label `tab:fakeratediagram' multiply defined.


LaTeX Warning: Label `fig:samesign_fakes' multiply defined.


LaTeX Warning: Label `tab:kinematicselection' multiply defined.


LaTeX Warning: Label `tab:kinematicselection' multiply defined.


LaTeX Warning: Label `fig:Mcol_after_presel_WITHDATA' multiply defined.


LaTeX Warning: Label `tab:systematics' multiply defined.


LaTeX Warning: Label `tab:theory_systematics' multiply defined.


LaTeX Warning: Label `tab:shape_systematics' multiply defined.


LaTeX Warning: Label `tab:systematics' multiply defined.


LaTeX Warning: Label `tab:EventYieldTable_100_to_150' multiply defined.


LaTeX Warning: Label `tab:expected_limits' multiply defined.


LaTeX Warning: Label `fig:limits_summary' multiply defined.

)
\openout1 = `thesisoutline_levine.aux'.

LaTeX Font Info:    Checking defaults for OML/cmm/m/it on input line 318.
LaTeX Font Info:    ... okay on input line 318.
LaTeX Font Info:    Checking defaults for T1/cmr/m/n on input line 318.
LaTeX Font Info:    ... okay on input line 318.
LaTeX Font Info:    Checking defaults for OT1/cmr/m/n on input line 318.
LaTeX Font Info:    ... okay on input line 318.
LaTeX Font Info:    Checking defaults for OMS/cmsy/m/n on input line 318.
LaTeX Font Info:    ... okay on input line 318.
LaTeX Font Info:    Checking defaults for OMX/cmex/m/n on input line 318.
LaTeX Font Info:    ... okay on input line 318.
LaTeX Font Info:    Checking defaults for U/cmr/m/n on input line 318.
LaTeX Font Info:    ... okay on input line 318.
 (/usr/share/texlive/texmf-dist/tex/context/base/supp-pdf.mkii
[Loading MPS to PDF converter (version 2006.09.02).]
\scratchcounter=\count168
\scratchdimen=\dimen190
\scratchbox=\box34
\nofMPsegments=\count169
\nofMParguments=\count170
\everyMPshowfont=\toks31
\MPscratchCnt=\count171
\MPscratchDim=\dimen191
\MPnumerator=\count172
\makeMPintoPDFobject=\count173
\everyMPtoPDFconversion=\toks32
) (/usr/share/texlive/texmf-dist/tex/generic/oberdiek/pdftexcmds.sty
Package: pdftexcmds 2011/11/29 v0.20 Utility functions of pdfTeX for LuaTeX (HO
)
Package pdftexcmds Info: LuaTeX not detected.
Package pdftexcmds Info: \pdf@primitive is available.
Package pdftexcmds Info: \pdf@ifprimitive is available.
Package pdftexcmds Info: \pdfdraftmode found.
)
(/usr/share/texlive/texmf-dist/tex/latex/oberdiek/epstopdf-base.sty
Package: epstopdf-base 2010/02/09 v2.5 Base part for package epstopdf

(/usr/share/texlive/texmf-dist/tex/latex/oberdiek/grfext.sty
Package: grfext 2010/08/19 v1.1 Manage graphics extensions (HO)

(/usr/share/texlive/texmf-dist/tex/generic/oberdiek/kvdefinekeys.sty
Package: kvdefinekeys 2011/04/07 v1.3 Define keys (HO)
))
(/usr/share/texlive/texmf-dist/tex/latex/oberdiek/kvoptions.sty
Package: kvoptions 2011/06/30 v3.11 Key value format for package options (HO)

(/usr/share/texlive/texmf-dist/tex/generic/oberdiek/kvsetkeys.sty
Package: kvsetkeys 2012/04/25 v1.16 Key value parser (HO)

(/usr/share/texlive/texmf-dist/tex/generic/oberdiek/etexcmds.sty
Package: etexcmds 2011/02/16 v1.5 Avoid name clashes with e-TeX commands (HO)
Package etexcmds Info: Could not find \expanded.
(etexcmds)             That can mean that you are not using pdfTeX 1.50 or
(etexcmds)             that some package has redefined \expanded.
(etexcmds)             In the latter case, load this package earlier.
)))
Package grfext Info: Graphics extension search list:
(grfext)             [.png,.pdf,.jpg,.mps,.jpeg,.jbig2,.jb2,.PNG,.PDF,.JPG,.JPE
G,.JBIG2,.JB2,.eps]
(grfext)             \AppendGraphicsExtensions on input line 452.

(/usr/share/texlive/texmf-dist/tex/latex/latexconfig/epstopdf-sys.cfg
File: epstopdf-sys.cfg 2010/07/13 v1.3 Configuration of (r)epstopdf for TeX Liv
e
))
Package caption Info: Begin \AtBeginDocument code.
Package caption Info: End \AtBeginDocument code.


Class memoir Warning: The \sc font command is deprecated. 
(memoir)              Use \textsc{...} or {\scshape... } instead on input line 
332.

LaTeX Font Info:    Try loading font information for U+msa on input line 332.
(/usr/share/texlive/texmf-dist/tex/latex/amsfonts/umsa.fd
File: umsa.fd 2013/01/14 v3.01 AMS symbols A
)
LaTeX Font Info:    Try loading font information for U+msb on input line 332.

(/usr/share/texlive/texmf-dist/tex/latex/amsfonts/umsb.fd
File: umsb.fd 2013/01/14 v3.01 AMS symbols B
)
LaTeX Font Info:    Try loading font information for U+rsfs on input line 332.

(/usr/share/texlive/texmf-dist/tex/latex/jknapltx/ursfs.fd
File: ursfs.fd 1998/03/24 rsfs font definition file (jk)
) [1


{/var/lib/texmf/fonts/map/pdftex/updmap/pdftex.map}]
LaTeX Font Info:    Try loading font information for OMS+cmr on input line 339.


(/usr/share/texlive/texmf-dist/tex/latex/base/omscmr.fd
File: omscmr.fd 1999/05/25 v2.5h Standard LaTeX font definitions
)
LaTeX Font Info:    Font shape `OMS/cmr/m/n' in size <10> not available
(Font)              Font shape `OMS/cmsy/m/n' tried instead on input line 339.
 [2

] [1

] [2

]
(./thesisoutline_levine.toc [3

] [4]) [5] (./thesisoutline_levine.lof [6

]
[7]) [8] [9] (./thesisoutline_levine.lot
Overfull \hbox (3.11511pt too wide) detected at line 17
\OT1/cmr/m/n/10 6.10 
 []


Overfull \hbox (3.11511pt too wide) detected at line 18
\OT1/cmr/m/n/10 6.11 
 []


Overfull \hbox (3.11511pt too wide) detected at line 19
\OT1/cmr/m/n/10 6.12 
 []

[10

]) [11] [1


] <StandardModel.pdf, id=57, 1151.30125pt x 827.09pt>
File: StandardModel.pdf Graphic file (type pdf)

<use StandardModel.pdf>
Package pdftex.def Info: StandardModel.pdf used on input line 390.
(pdftex.def)             Requested size: 389.69736pt x 279.95746pt.


LaTeX Warning: `h' float specifier changed to `ht'.

[2] <TauDecay.pdf, id=61, 383.4325pt x 341.275pt>
File: TauDecay.pdf Graphic file (type pdf)
 <use TauDecay.pdf>
Package pdftex.def Info: TauDecay.pdf used on input line 401.
(pdftex.def)             Requested size: 173.19736pt x 154.15555pt.


LaTeX Warning: `h' float specifier changed to `ht'.

[3 <./StandardModel.pdf>] <eeScattering.jpg, id=69, 337.26pt x 291.0875pt>
File: eeScattering.jpg Graphic file (type jpg)

<use eeScattering.jpg>
Package pdftex.def Info: eeScattering.jpg used on input line 427.
(pdftex.def)             Requested size: 173.19736pt x 149.48755pt.
 [4 <./TauDecay.pdf> <./eeScattering.jpg>] [5]
<HiggsPotential.png, id=82, 1187.43625pt x 631.35875pt>
File: HiggsPotential.png Graphic file (type png)

<use HiggsPotential.png>
Package pdftex.def Info: HiggsPotential.png used on input line 446.
(pdftex.def)             Requested size: 389.69736pt x 207.2026pt.
 [6 <./HiggsPotential.png>]
<mutauloop.jpg, id=87, 943.525pt x 483.8075pt>
File: mutauloop.jpg Graphic file (type jpg)
 <use mutauloop.jpg>
Package pdftex.def Info: mutauloop.jpg used on input line 463.
(pdftex.def)             Requested size: 389.69736pt x 199.82405pt.
 [7 <./mutauloop.jpg>] [8

] <jetformation.jpg, id=94, 1077.02374pt x 466.74374pt>
File: jetformation.jpg Graphic file (type jpg)

<use jetformation.jpg>
Package pdftex.def Info: jetformation.jpg used on input line 479.
(pdftex.def)             Requested size: 389.69736pt x 168.88225pt.


LaTeX Warning: Reference `fig:cteq6PDF.jpg' on page 9 undefined on input line 4
87.

[9 <./jetformation.jpg>] <WFormation.jpg, id=98, 734.745pt x 439.6425pt>
File: WFormation.jpg Graphic file (type jpg)

<use WFormation.jpg>
Package pdftex.def Info: WFormation.jpg used on input line 490.
(pdftex.def)             Requested size: 389.69736pt x 233.18382pt.
 <cteq6PDF.jpg, id=99, 1059.96pt x 492.84125pt>
File: cteq6PDF.jpg Graphic file (type jpg)

<use cteq6PDF.jpg>
Package pdftex.def Info: cteq6PDF.jpg used on input line 496.
(pdftex.def)             Requested size: 389.69736pt x 181.19781pt.


LaTeX Warning: `h' float specifier changed to `ht'.

[10 <./WFormation.jpg>] <WOneJet.jpg, id=103, 664.4825pt x 393.47pt>
File: WOneJet.jpg Graphic file (type jpg)

<use WOneJet.jpg>
Package pdftex.def Info: WOneJet.jpg used on input line 510.
(pdftex.def)             Requested size: 389.69736pt x 230.75838pt.


LaTeX Warning: `h' float specifier changed to `ht'.

<wjets7TeV.jpg, id=104, 939.51pt x 652.4375pt>
File: wjets7TeV.jpg Graphic file (type jpg)
 <use wjets7TeV.jpg>
Package pdftex.def Info: wjets7TeV.jpg used on input line 518.
(pdftex.def)             Requested size: 389.69736pt x 270.61714pt.


LaTeX Warning: `h' float specifier changed to `ht'.

<ggfHiggs.jpg, id=105, 852.18375pt x 345.29pt>
File: ggfHiggs.jpg Graphic file (type jpg)
 <use ggfHiggs.jpg>
Package pdftex.def Info: ggfHiggs.jpg used on input line 528.
(pdftex.def)             Requested size: 389.69736pt x 157.90276pt.


LaTeX Warning: `h' float specifier changed to `ht'.

[11 <./cteq6PDF.jpg>] <vbfHiggs.png, id=109, 861.2175pt x 559.08875pt>
File: vbfHiggs.png Graphic file (type png)

<use vbfHiggs.png>
Package pdftex.def Info: vbfHiggs.png used on input line 537.
(pdftex.def)             Requested size: 389.69736pt x 252.9867pt.


LaTeX Warning: `h' float specifier changed to `ht'.

<higgsproduction.jpg, id=110, 705.63625pt x 522.95375pt>
File: higgsproduction.jpg Graphic file (type jpg)

<use higgsproduction.jpg>
Package pdftex.def Info: higgsproduction.jpg used on input line 543.
(pdftex.def)             Requested size: 389.69736pt x 288.80643pt.


LaTeX Warning: `h' float specifier changed to `ht'.

<higgsBR.jpg, id=111, 584.1825pt x 554.07pt>
File: higgsBR.jpg Graphic file (type jpg)
 <use higgsBR.jpg>
Package pdftex.def Info: higgsBR.jpg used on input line 551.
(pdftex.def)             Requested size: 389.69736pt x 369.61864pt.


LaTeX Warning: `h' float specifier changed to `ht'.

[12 <./WOneJet.jpg>] [13 <./wjets7TeV.jpg> <./ggfHiggs.jpg>] [14 <./vbfHiggs.pn
g> <./higgsproduction.jpg>] [15 <./higgsBR.jpg>] [16

]

LaTeX Warning: Reference `fundforces' on page 17 undefined on input line 570.

[17

]

LaTeX Warning: Citation `Barger:020105876' on page 18 undefined on input line 5
92.

[18] <lundstring.png, id=135, 395.4775pt x 159.59625pt>
File: lundstring.png Graphic file (type png)
 <use lundstring.png>
Package pdftex.def Info: lundstring.png used on input line 597.
(pdftex.def)             Requested size: 389.69736pt x 157.2653pt.

[19 <./lundstring.png>] [20]
<iterativetracking.jpg, id=142, 1260.71pt x 440.64626pt>
File: iterativetracking.jpg Graphic file (type jpg)

<use iterativetracking.jpg>
Package pdftex.def Info: iterativetracking.jpg used on input line 625.
(pdftex.def)             Requested size: 476.30264pt x 166.4791pt.

Overfull \hbox (43.30264pt too wide) in paragraph at lines 625--626
[][] 
 []


Underfull \hbox (badness 10000) in paragraph at lines 620--630

 []


Underfull \hbox (badness 10000) in paragraph at lines 620--630

 []


Underfull \hbox (badness 10000) in paragraph at lines 620--630

 []


Underfull \hbox (badness 10000) in paragraph at lines 620--630

 []

[21

]
Underfull \hbox (badness 10000) in paragraph at lines 631--634

 []


Underfull \hbox (badness 10000) in paragraph at lines 637--644

 []


Underfull \hbox (badness 10000) in paragraph at lines 637--644

 []


Underfull \hbox (badness 10000) in paragraph at lines 637--644

 []

[22 <./iterativetracking.jpg>] [23]
Underfull \hbox (badness 10000) in paragraph at lines 647--654

 []


Underfull \hbox (badness 10000) in paragraph at lines 647--654

 []


Underfull \hbox (badness 10000) in paragraph at lines 647--654

 []

[24] <antikt.jpg, id=156, 926.46124pt x 662.475pt>
File: antikt.jpg Graphic file (type jpg)
 <use antikt.jpg>
Package pdftex.def Info: antikt.jpg used on input line 665.
(pdftex.def)             Requested size: 389.69736pt x 278.66216pt.

Underfull \hbox (badness 10000) in paragraph at lines 660--669

 []


Underfull \hbox (badness 10000) in paragraph at lines 660--669

 []


LaTeX Warning: `h' float specifier changed to `ht'.


Underfull \hbox (badness 10000) in paragraph at lines 670--674

 []


Underfull \hbox (badness 10000) in paragraph at lines 677--682

 []


Underfull \hbox (badness 10000) in paragraph at lines 677--682

 []

[25] [26 <./antikt.jpg>] [27]

LaTeX Warning: Citation `Chatrchyan:2012xi' on page 28 undefined on input line 
702.

[28

] [29]

Class memoir Warning: The \it font command is deprecated. 
(memoir)              Use \textit{...} or {\itshape... } instead on input line 
800.

[30] [31] [32] [33]

LaTeX Warning: Citation `Ellis:1987xu' on page 34 undefined on input line 975.

[34]

LaTeX Warning: Reference `sec:backgrounds' on page 35 undefined on input line 9
95.

[35]

LaTeX Warning: Citation `Chatrchyan:2012xi' on page 36 undefined on input line 
1056.


LaTeX Warning: Citation `Khachatryan:2015dfa' on page 36 undefined on input lin
e 1060.


LaTeX Warning: Citation `CMS-PAS-JME-13-005' on page 36 undefined on input line
 1065.


LaTeX Warning: Citation `Khachatryan:2015kon' on page 36 undefined on input lin
e 1068.


LaTeX Warning: Citation `Ellis:1987xu' on page 36 undefined on input line 1071.


[36]

LaTeX Warning: Citation `Chatrchyan:2012jua' on page 37 undefined on input line
 1090.


LaTeX Warning: Reference `sec:backgrounds' on page 37 undefined on input line 1
122.

[37]
Overfull \hbox (3.16383pt too wide) in paragraph at lines 1140--1147
\OT1/cmr/m/n/10 8 TeV: The pres-ence or ab-sence of a sig-nal is es-tab-lished 
us-ing the asymp-totic CL$[]$ method **citeLHC-
 []


Overfull \hbox (3.23831pt too wide) in paragraph at lines 1157--1175
 [] 
 []

[38] [39] [40]

LaTeX Warning: Reference `sec:fakes' on page 41 undefined on input line 1317.


LaTeX Warning: Citation `Junk' on page 41 undefined on input line 1331.


LaTeX Warning: Citation `Read2' on page 41 undefined on input line 1331.

[41] [42] [43

] [44]
<muele_GG_m_colinear_UNBLIND_PostFit.pdf, id=227, 569.12625pt x 548.0475pt>
File: muele_GG_m_colinear_UNBLIND_PostFit.pdf Graphic file (type pdf)

<use muele_GG_m_colinear_UNBLIND_PostFit.pdf>
Package pdftex.def Info: muele_GG_m_colinear_UNBLIND_PostFit.pdf used on input 
line 1413.
(pdftex.def)             Requested size: 207.83815pt x 200.1402pt.

<muhad_GG_m_colinear_UNBLIND_PostFit.pdf, id=228, 569.12625pt x 548.0475pt>
File: muhad_GG_m_colinear_UNBLIND_PostFit.pdf Graphic file (type pdf)

<use muhad_GG_m_colinear_UNBLIND_PostFit.pdf>
Package pdftex.def Info: muhad_GG_m_colinear_UNBLIND_PostFit.pdf used on input 
line 1414.
(pdftex.def)             Requested size: 207.83815pt x 200.1402pt.

<muele_Boost_m_colinear_UNBLIND_PostFit.pdf, id=229, 569.12625pt x 548.0475pt>
File: muele_Boost_m_colinear_UNBLIND_PostFit.pdf Graphic file (type pdf)

<use muele_Boost_m_colinear_UNBLIND_PostFit.pdf>
Package pdftex.def Info: muele_Boost_m_colinear_UNBLIND_PostFit.pdf used on inp
ut line 1415.
(pdftex.def)             Requested size: 207.83815pt x 200.1402pt.

<muhad_Boost_m_colinear_UNBLIND_PostFit.pdf, id=230, 569.12625pt x 548.0475pt>
File: muhad_Boost_m_colinear_UNBLIND_PostFit.pdf Graphic file (type pdf)

<use muhad_Boost_m_colinear_UNBLIND_PostFit.pdf>
Package pdftex.def Info: muhad_Boost_m_colinear_UNBLIND_PostFit.pdf used on inp
ut line 1416.
(pdftex.def)             Requested size: 207.83815pt x 200.1402pt.

<muele_VBF_m_colinear_UNBLIND_PostFit.pdf, id=231, 569.12625pt x 548.0475pt>
File: muele_VBF_m_colinear_UNBLIND_PostFit.pdf Graphic file (type pdf)

<use muele_VBF_m_colinear_UNBLIND_PostFit.pdf>
Package pdftex.def Info: muele_VBF_m_colinear_UNBLIND_PostFit.pdf used on input
 line 1417.
(pdftex.def)             Requested size: 207.83815pt x 200.1402pt.

<muhad_VBF_m_colinear_UNBLIND_PostFit.pdf, id=232, 569.12625pt x 548.0475pt>
File: muhad_VBF_m_colinear_UNBLIND_PostFit.pdf Graphic file (type pdf)

<use muhad_VBF_m_colinear_UNBLIND_PostFit.pdf>
Package pdftex.def Info: muhad_VBF_m_colinear_UNBLIND_PostFit.pdf used on input
 line 1418.
(pdftex.def)             Requested size: 207.83815pt x 200.1402pt.


LaTeX Warning: Float too large for page by 77.4206pt on input line 1426.

<plotLimit.pdf, id=233, 510.90875pt x 569.12625pt>
File: plotLimit.pdf Graphic file (type pdf)
 <use plotLimit.pdf>
Package pdftex.def Info: plotLimit.pdf used on input line 1488.
(pdftex.def)             Requested size: 207.83815pt x 231.51959pt.

<BestBr.pdf, id=234, 509.905pt x 569.12625pt>
File: BestBr.pdf Graphic file (type pdf)
 <use BestBr.pdf>
Package pdftex.def Info: BestBr.pdf used on input line 1489.
(pdftex.def)             Requested size: 207.83815pt x 231.97986pt.
 [45] [46 <./muele_GG_m_colinear_UNBLIND_PostFit.pdf, page is rotated 90 degree
s> <./muhad_GG_m_colinear_UNBLIND_PostFit.pdf, page is rotated 90 degrees> <./m
uele_Boost_m_colinear_UNBLIND_PostFit.pdf, page is rotated 90 degrees> <./muhad
_Boost_m_colinear_UNBLIND_PostFit.pdf, page is rotated 90 degrees> <./muele_VBF
_m_colinear_UNBLIND_PostFit.pdf, page is rotated 90 degrees> <./muhad_VBF_m_col
inear_UNBLIND_PostFit.pdf, page is rotated 90 degrees>] [47 <./plotLimit.pdf> <
./BestBr.pdf>]

LaTeX Warning: Citation `Khachatryan:2015kon' on page 48 undefined on input lin
e 1579.

[48] [49]

LaTeX Warning: Citation `Denner:2011mq' on page 50 undefined on input line 1642
.


LaTeX Warning: Citation `D'Agostini199548' on page 50 undefined on input line 1
653.

[50] [51] (./thesisoutline_levine.bbl [52

]
bibitemlist
Missing character: There is no Ã in font cmr10!
Missing character: There is no ¼ in font cmr10!
[53

]
Missing character: There is no Ï in font cmr10!
Missing character: There is no „ in font cmr10!
Missing character: There is no â in font cmr10!
Missing character: There is no € in font cmr10!
Missing character: There is no “ in font cmr10!
Missing character: There is no â in font cmr10!
Missing character: There is no ˆ in font cmr10!
Missing character: There is no š in font cmr10!
 [54])

Package caption Warning: Unused \captionsetup[sub] on input line 242.
See the caption package documentation for explanation.

[55]
\tf@toc=\write4
\openout4 = `thesisoutline_levine.toc'.

\tf@lof=\write5
\openout5 = `thesisoutline_levine.lof'.

\tf@lot=\write6
\openout6 = `thesisoutline_levine.lot'.

 (./thesisoutline_levine.aux)

LaTeX Warning: There were undefined references.


LaTeX Warning: There were multiply-defined labels.

 ) 
Here is how much of TeX's memory you used:
 8594 strings out of 494985
 126294 string characters out of 6180357
 238352 words of memory out of 5000000
 11659 multiletter control sequences out of 15000+600000
 14202 words of font info for 55 fonts, out of 8000000 for 9000
 36 hyphenation exceptions out of 8191
 45i,14n,75p,1497b,461s stack positions out of 5000i,500n,10000p,200000b,80000s
</usr/share/texlive/texmf-dist/fonts/type1/public/amsfonts/cm/cmbx10.pfb></us
r/share/texlive/texmf-dist/fonts/type1/public/amsfonts/cm/cmbx12.pfb></usr/shar
e/texlive/texmf-dist/fonts/type1/public/amsfonts/cm/cmcsc10.pfb></usr/share/tex
live/texmf-dist/fonts/type1/public/amsfonts/cm/cmex10.pfb></usr/share/texlive/t
exmf-dist/fonts/type1/public/amsfonts/cm/cmmi10.pfb></usr/share/texlive/texmf-d
ist/fonts/type1/public/amsfonts/cm/cmmi5.pfb></usr/share/texlive/texmf-dist/fon
ts/type1/public/amsfonts/cm/cmmi6.pfb></usr/share/texlive/texmf-dist/fonts/type
1/public/amsfonts/cm/cmmi7.pfb></usr/share/texlive/texmf-dist/fonts/type1/publi
c/amsfonts/cm/cmmi8.pfb></usr/share/texlive/texmf-dist/fonts/type1/public/amsfo
nts/cm/cmr10.pfb></usr/share/texlive/texmf-dist/fonts/type1/public/amsfonts/cm/
cmr5.pfb></usr/share/texlive/texmf-dist/fonts/type1/public/amsfonts/cm/cmr7.pfb
></usr/share/texlive/texmf-dist/fonts/type1/public/amsfonts/cm/cmr8.pfb></usr/s
hare/texlive/texmf-dist/fonts/type1/public/amsfonts/cm/cmsy10.pfb></usr/share/t
exlive/texmf-dist/fonts/type1/public/amsfonts/cm/cmsy5.pfb></usr/share/texlive/
texmf-dist/fonts/type1/public/amsfonts/cm/cmsy7.pfb></usr/share/texlive/texmf-d
ist/fonts/type1/public/amsfonts/cm/cmsy8.pfb></usr/share/texlive/texmf-dist/fon
ts/type1/public/amsfonts/cm/cmti10.pfb>
Output written on thesisoutline_levine.pdf (68 pages, 1383760 bytes).
PDF statistics:
 675 PDF objects out of 1000 (max. 8388607)
 356 compressed objects within 4 object streams
 0 named destinations out of 1000 (max. 500000)
 126 words of extra memory for PDF output out of 10000 (max. 10000000)

